# JRE version: OpenJDK Runtime Environment Temurin-21.0.12.1+1 (21.0.12.1+1) (build 21.0.12.1+1-LTS)
# Java VM: OpenJDK 64-Bit Server VM Temurin-21.0.12.1+1 (21.0.12.1+1-LTS, mixed mode, sharing, tiered, compressed class ptrs, parallel gc, windows-amd64)
GC Precious Log:
 CardTable entry size: 512
 CPUs: 4 total, 4 available
 Memory: 7886M
 Large Page Support: Disabled
 NUMA Support: Disabled
 Compressed Oops: Disabled
 Alignments: Space 512K, Generation 512K, Heap 2M
 Heap Min Capacity: 100M
 Heap Initial Capacity: 100M
 Heap Max Capacity: 128G
 Pre-touch: Disabled
 Parallel Workers: 4
Heap:
 PSYoungGen      total 24576K, used 6239K [0x0000021eb4980000, 0x0000021eb6480000, 0x000002295f400000)
  eden space 22016K, 17% used [0x0000021eb4980000,0x0000021eb4d2fd68,0x0000021eb5f00000)
  from space 2560K, 96% used [0x0000021eb6200000,0x0000021eb6468010,0x0000021eb6480000)
  to   space 2560K, 0% used [0x0000021eb5f80000,0x0000021eb5f80000,0x0000021eb6200000)
 ParOldGen       total 68608K, used 39495K [0x000002095f400000, 0x0000020963700000, 0x0000021eb4980000)
  object space 68608K, 57% used [0x000002095f400000,0x0000020961a91f08,0x0000020963700000)
 Metaspace       used 49415K, committed 50496K, reserved 1114112K
  class space    used 5407K, committed 5824K, reserved 1048576K
GC Heap History (20 events):
Event: 10.876 GC heap before
{Heap before GC invocations=18 (full 2):
 PSYoungGen      total 25600K, used 22000K [0x0000021eb4980000, 0x0000021eb6480000, 0x000002295f400000)
  eden space 22016K, 99% used [0x0000021eb4980000,0x0000021eb5efc1f0,0x0000021eb5f00000)
  from space 3584K, 0% used [0x0000021eb5f00000,0x0000021eb5f00000,0x0000021eb6280000)
  to   space 1536K, 0% used [0x0000021eb6300000,0x0000021eb6300000,0x0000021eb6480000)
 ParOldGen       total 68608K, used 23936K [0x000002095f400000, 0x0000020963700000, 0x0000021eb4980000)
  object space 68608K, 34% used [0x000002095f400000,0x0000020960b601e8,0x0000020963700000)
 Metaspace       used 36499K, committed 37632K, reserved 1114112K
  class space    used 3843K, committed 4288K, reserved 1048576K
}
Event: 10.879 GC heap after
{Heap after GC invocations=18 (full 2):
 PSYoungGen      total 23552K, used 1522K [0x0000021eb4980000, 0x0000021eb6600000, 0x000002295f400000)
  eden space 22016K, 0% used [0x0000021eb4980000,0x0000021eb4980000,0x0000021eb5f00000)
  from space 1536K, 99% used [0x0000021eb6300000,0x0000021eb647ca98,0x0000021eb6480000)
  to   space 3584K, 0% used [0x0000021eb5f00000,0x0000021eb5f00000,0x0000021eb6280000)
 ParOldGen       total 68608K, used 25136K [0x000002095f400000, 0x0000020963700000, 0x0000021eb4980000)
  object space 68608K, 36% used [0x000002095f400000,0x0000020960c8c1e8,0x0000020963700000)
 Metaspace       used 36499K, committed 37632K, reserved 1114112K
  class space    used 3843K, committed 4288K, reserved 1048576K
}
Event: 11.052 GC heap before
{Heap before GC invocations=19 (full 2):
 PSYoungGen      total 23552K, used 23538K [0x0000021eb4980000, 0x0000021eb6600000, 0x000002295f400000)
  eden space 22016K, 100% used [0x0000021eb4980000,0x0000021eb5f00000,0x0000021eb5f00000)
  from space 1536K, 99% used [0x0000021eb6300000,0x0000021eb647ca98,0x0000021eb6480000)
  to   space 3584K, 0% used [0x0000021eb5f00000,0x0000021eb5f00000,0x0000021eb6280000)
 ParOldGen       total 68608K, used 25136K [0x000002095f400000, 0x0000020963700000, 0x0000021eb4980000)
  object space 68608K, 36% used [0x000002095f400000,0x0000020960c8c1e8,0x0000020963700000)
 Metaspace       used 38324K, committed 39424K, reserved 1114112K
  class space    used 4061K, committed 4480K, reserved 1048576K
}
Event: 11.055 GC heap after
{Heap after GC invocations=19 (full 2):
 PSYoungGen      total 23552K, used 1312K [0x0000021eb4980000, 0x0000021eb6380000, 0x000002295f400000)
  eden space 22016K, 0% used [0x0000021eb4980000,0x0000021eb4980000,0x0000021eb5f00000)
  from space 1536K, 85% used [0x0000021eb5f00000,0x0000021eb6048000,0x0000021eb6080000)
  to   space 2048K, 0% used [0x0000021eb6180000,0x0000021eb6180000,0x0000021eb6380000)
 ParOldGen       total 68608K, used 26512K [0x000002095f400000, 0x0000020963700000, 0x0000021eb4980000)
  object space 68608K, 38% used [0x000002095f400000,0x0000020960de42a8,0x0000020963700000)
 Metaspace       used 38324K, committed 39424K, reserved 1114112K
  class space    used 4061K, committed 4480K, reserved 1048576K
}
Event: 11.288 GC heap before
{Heap before GC invocations=20 (full 2):
 PSYoungGen      total 23552K, used 23328K [0x0000021eb4980000, 0x0000021eb6380000, 0x000002295f400000)
  eden space 22016K, 100% used [0x0000021eb4980000,0x0000021eb5f00000,0x0000021eb5f00000)
  from space 1536K, 85% used [0x0000021eb5f00000,0x0000021eb6048000,0x0000021eb6080000)
  to   space 2048K, 0% used [0x0000021eb6180000,0x0000021eb6180000,0x0000021eb6380000)
 ParOldGen       total 68608K, used 26512K [0x000002095f400000, 0x0000020963700000, 0x0000021eb4980000)
  object space 68608K, 38% used [0x000002095f400000,0x0000020960de42a8,0x0000020963700000)
 Metaspace       used 39959K, committed 41088K, reserved 1114112K
  class space    used 4270K, committed 4672K, reserved 1048576K
}
Event: 11.291 GC heap after
{Heap after GC invocations=20 (full 2):
 PSYoungGen      total 23552K, used 1216K [0x0000021eb4980000, 0x0000021eb6300000, 0x000002295f400000)
  eden space 22016K, 0% used [0x0000021eb4980000,0x0000021eb4980000,0x0000021eb5f00000)
  from space 1536K, 79% used [0x0000021eb6180000,0x0000021eb62b0000,0x0000021eb6300000)
  to   space 1536K, 0% used [0x0000021eb5f00000,0x0000021eb5f00000,0x0000021eb6080000)
 ParOldGen       total 68608K, used 27342K [0x000002095f400000, 0x0000020963700000, 0x0000021eb4980000)
  object space 68608K, 39% used [0x000002095f400000,0x0000020960eb3aa0,0x0000020963700000)
 Metaspace       used 39959K, committed 41088K, reserved 1114112K
  class space    used 4270K, committed 4672K, reserved 1048576K
}
Event: 11.660 GC heap before
{Heap before GC invocations=21 (full 2):
 PSYoungGen      total 23552K, used 23232K [0x0000021eb4980000, 0x0000021eb6300000, 0x000002295f400000)
  eden space 22016K, 100% used [0x0000021eb4980000,0x0000021eb5f00000,0x0000021eb5f00000)
  from space 1536K, 79% used [0x0000021eb6180000,0x0000021eb62b0000,0x0000021eb6300000)
  to   space 1536K, 0% used [0x0000021eb5f00000,0x0000021eb5f00000,0x0000021eb6080000)
 ParOldGen       total 68608K, used 27342K [0x000002095f400000, 0x0000020963700000, 0x0000021eb4980000)
  object space 68608K, 39% used [0x000002095f400000,0x0000020960eb3aa0,0x0000020963700000)
 Metaspace       used 42082K, committed 43264K, reserved 1114112K
  class space    used 4551K, committed 5056K, reserved 1048576K
}
Event: 11.665 GC heap after
{Heap after GC invocations=21 (full 2):
 PSYoungGen      total 23552K, used 1536K [0x0000021eb4980000, 0x0000021eb6500000, 0x000002295f400000)
  eden space 22016K, 0% used [0x0000021eb4980000,0x0000021eb4980000,0x0000021eb5f00000)
  from space 1536K, 100% used [0x0000021eb5f00000,0x0000021eb6080000,0x0000021eb6080000)
  to   space 3072K, 0% used [0x0000021eb6200000,0x0000021eb6200000,0x0000021eb6500000)
 ParOldGen       total 68608K, used 28583K [0x000002095f400000, 0x0000020963700000, 0x0000021eb4980000)
  object space 68608K, 41% used [0x000002095f400000,0x0000020960fe9c18,0x0000020963700000)
 Metaspace       used 42082K, committed 43264K, reserved 1114112K
  class space    used 4551K, committed 5056K, reserved 1048576K
}
Event: 12.381 GC heap before
{Heap before GC invocations=22 (full 2):
 PSYoungGen      total 23552K, used 23552K [0x0000021eb4980000, 0x0000021eb6500000, 0x000002295f400000)
  eden space 22016K, 100% used [0x0000021eb4980000,0x0000021eb5f00000,0x0000021eb5f00000)
  from space 1536K, 100% used [0x0000021eb5f00000,0x0000021eb6080000,0x0000021eb6080000)
  to   space 3072K, 0% used [0x0000021eb6200000,0x0000021eb6200000,0x0000021eb6500000)
 ParOldGen       total 68608K, used 28583K [0x000002095f400000, 0x0000020963700000, 0x0000021eb4980000)
  object space 68608K, 41% used [0x000002095f400000,0x0000020960fe9c18,0x0000020963700000)
 Metaspace       used 44154K, committed 45312K, reserved 1114112K
  class space    used 4826K, committed 5312K, reserved 1048576K
}
Event: 12.384 GC heap after
{Heap after GC invocations=22 (full 2):
 PSYoungGen      total 24064K, used 1653K [0x0000021eb4980000, 0x0000021eb6400000, 0x000002295f400000)
  eden space 22016K, 0% used [0x0000021eb4980000,0x0000021eb4980000,0x0000021eb5f00000)
  from space 2048K, 80% used [0x0000021eb6200000,0x0000021eb639d6d0,0x0000021eb6400000)
  to   space 2560K, 0% used [0x0000021eb5f00000,0x0000021eb5f00000,0x0000021eb6180000)
 ParOldGen       total 68608K, used 29995K [0x000002095f400000, 0x0000020963700000, 0x0000021eb4980000)
  object space 68608K, 43% used [0x000002095f400000,0x000002096114ac78,0x0000020963700000)
 Metaspace       used 44154K, committed 45312K, reserved 1114112K
  class space    used 4826K, committed 5312K, reserved 1048576K
}
Event: 13.088 GC heap before
{Heap before GC invocations=23 (full 2):
 PSYoungGen      total 24064K, used 23669K [0x0000021eb4980000, 0x0000021eb6400000, 0x000002295f400000)
  eden space 22016K, 100% used [0x0000021eb4980000,0x0000021eb5f00000,0x0000021eb5f00000)
  from space 2048K, 80% used [0x0000021eb6200000,0x0000021eb639d6d0,0x0000021eb6400000)
  to   space 2560K, 0% used [0x0000021eb5f00000,0x0000021eb5f00000,0x0000021eb6180000)
 ParOldGen       total 68608K, used 29995K [0x000002095f400000, 0x0000020963700000, 0x0000021eb4980000)
  object space 68608K, 43% used [0x000002095f400000,0x000002096114ac78,0x0000020963700000)
 Metaspace       used 46641K, committed 47744K, reserved 1114112K
  class space    used 5107K, committed 5568K, reserved 1048576K
}
Event: 13.091 GC heap after
{Heap after GC invocations=23 (full 2):
 PSYoungGen      total 23552K, used 1248K [0x0000021eb4980000, 0x0000021eb6280000, 0x000002295f400000)
  eden space 22016K, 0% used [0x0000021eb4980000,0x0000021eb4980000,0x0000021eb5f00000)
  from space 1536K, 81% used [0x0000021eb5f00000,0x0000021eb6038000,0x0000021eb6080000)
  to   space 1536K, 0% used [0x0000021eb6100000,0x0000021eb6100000,0x0000021eb6280000)
 ParOldGen       total 68608K, used 31466K [0x000002095f400000, 0x0000020963700000, 0x0000021eb4980000)
  object space 68608K, 45% used [0x000002095f400000,0x00000209612ba8a0,0x0000020963700000)
 Metaspace       used 46641K, committed 47744K, reserved 1114112K
  class space    used 5107K, committed 5568K, reserved 1048576K
}
Event: 14.130 GC heap before
{Heap before GC invocations=24 (full 2):
 PSYoungGen      total 23552K, used 23264K [0x0000021eb4980000, 0x0000021eb6280000, 0x000002295f400000)
  eden space 22016K, 100% used [0x0000021eb4980000,0x0000021eb5f00000,0x0000021eb5f00000)
  from space 1536K, 81% used [0x0000021eb5f00000,0x0000021eb6038000,0x0000021eb6080000)
  to   space 1536K, 0% used [0x0000021eb6100000,0x0000021eb6100000,0x0000021eb6280000)
 ParOldGen       total 68608K, used 31466K [0x000002095f400000, 0x0000020963700000, 0x0000021eb4980000)
  object space 68608K, 45% used [0x000002095f400000,0x00000209612ba8a0,0x0000020963700000)
 Metaspace       used 47391K, committed 48512K, reserved 1114112K
  class space    used 5181K, committed 5632K, reserved 1048576K
}
Event: 14.132 GC heap after
{Heap after GC invocations=24 (full 2):
 PSYoungGen      total 22528K, used 376K [0x0000021eb4980000, 0x0000021eb6180000, 0x000002295f400000)
  eden space 22016K, 0% used [0x0000021eb4980000,0x0000021eb4980000,0x0000021eb5f00000)
  from space 512K, 73% used [0x0000021eb6100000,0x0000021eb615e2e8,0x0000021eb6180000)
  to   space 1024K, 0% used [0x0000021eb5f80000,0x0000021eb5f80000,0x0000021eb6080000)
 ParOldGen       total 68608K, used 32590K [0x000002095f400000, 0x0000020963700000, 0x0000021eb4980000)
  object space 68608K, 47% used [0x000002095f400000,0x00000209613d3ad8,0x0000020963700000)
 Metaspace       used 47391K, committed 48512K, reserved 1114112K
  class space    used 5181K, committed 5632K, reserved 1048576K
}
Event: 14.580 GC heap before
{Heap before GC invocations=25 (full 2):
 PSYoungGen      total 22528K, used 22392K [0x0000021eb4980000, 0x0000021eb6180000, 0x000002295f400000)
  eden space 22016K, 100% used [0x0000021eb4980000,0x0000021eb5f00000,0x0000021eb5f00000)
  from space 512K, 73% used [0x0000021eb6100000,0x0000021eb615e2e8,0x0000021eb6180000)
  to   space 1024K, 0% used [0x0000021eb5f80000,0x0000021eb5f80000,0x0000021eb6080000)
 ParOldGen       total 68608K, used 32590K [0x000002095f400000, 0x0000020963700000, 0x0000021eb4980000)
  object space 68608K, 47% used [0x000002095f400000,0x00000209613d3ad8,0x0000020963700000)
 Metaspace       used 48686K, committed 49856K, reserved 1114112K
  class space    used 5309K, committed 5760K, reserved 1048576K
}
Event: 14.583 GC heap after
{Heap after GC invocations=25 (full 2):
 PSYoungGen      total 23040K, used 1011K [0x0000021eb4980000, 0x0000021eb6500000, 0x000002295f400000)
  eden space 22016K, 0% used [0x0000021eb4980000,0x0000021eb4980000,0x0000021eb5f00000)
  from space 1024K, 98% used [0x0000021eb5f80000,0x0000021eb607cd08,0x0000021eb6080000)
  to   space 3072K, 0% used [0x0000021eb6200000,0x0000021eb6200000,0x0000021eb6500000)
 ParOldGen       total 68608K, used 33900K [0x000002095f400000, 0x0000020963700000, 0x0000021eb4980000)
  object space 68608K, 49% used [0x000002095f400000,0x000002096151b088,0x0000020963700000)
 Metaspace       used 48686K, committed 49856K, reserved 1114112K
  class space    used 5309K, committed 5760K, reserved 1048576K
}
Event: 14.650 GC heap before
{Heap before GC invocations=26 (full 2):
 PSYoungGen      total 23040K, used 23027K [0x0000021eb4980000, 0x0000021eb6500000, 0x000002295f400000)
  eden space 22016K, 100% used [0x0000021eb4980000,0x0000021eb5f00000,0x0000021eb5f00000)
  from space 1024K, 98% used [0x0000021eb5f80000,0x0000021eb607cd08,0x0000021eb6080000)
  to   space 3072K, 0% used [0x0000021eb6200000,0x0000021eb6200000,0x0000021eb6500000)
 ParOldGen       total 68608K, used 34018K [0x000002095f400000, 0x0000020963700000, 0x0000021eb4980000)
  object space 68608K, 49% used [0x000002095f400000,0x0000020961538840,0x0000020963700000)
 Metaspace       used 48740K, committed 49920K, reserved 1114112K
  class space    used 5316K, committed 5760K, reserved 1048576K
}
Event: 14.657 GC heap after
{Heap after GC invocations=26 (full 2):
 PSYoungGen      total 24576K, used 2176K [0x0000021eb4980000, 0x0000021eb6480000, 0x000002295f400000)
  eden space 22016K, 0% used [0x0000021eb4980000,0x0000021eb4980000,0x0000021eb5f00000)
  from space 2560K, 85% used [0x0000021eb6200000,0x0000021eb6420010,0x0000021eb6480000)
  to   space 2560K, 0% used [0x0000021eb5f80000,0x0000021eb5f80000,0x0000021eb6200000)
 ParOldGen       total 68608K, used 34966K [0x000002095f400000, 0x0000020963700000, 0x0000021eb4980000)
  object space 68608K, 50% used [0x000002095f400000,0x0000020961625bb0,0x0000020963700000)
 Metaspace       used 48740K, committed 49920K, reserved 1114112K
  class space    used 5316K, committed 5760K, reserved 1048576K
}
Event: 14.774 GC heap before
{Heap before GC invocations=27 (full 2):
 PSYoungGen      total 24576K, used 24192K [0x0000021eb4980000, 0x0000021eb6480000, 0x000002295f400000)
  eden space 22016K, 100% used [0x0000021eb4980000,0x0000021eb5f00000,0x0000021eb5f00000)
  from space 2560K, 85% used [0x0000021eb6200000,0x0000021eb6420010,0x0000021eb6480000)
  to   space 2560K, 0% used [0x0000021eb5f80000,0x0000021eb5f80000,0x0000021eb6200000)
 ParOldGen       total 68608K, used 34966K [0x000002095f400000, 0x0000020963700000, 0x0000021eb4980000)
  object space 68608K, 50% used [0x000002095f400000,0x0000020961625bb0,0x0000020963700000)
 Metaspace       used 49358K, committed 50432K, reserved 1114112K
  class space    used 5403K, committed 5824K, reserved 1048576K
}
Event: 14.780 GC heap after
{Heap after GC invocations=27 (full 2):
 PSYoungGen      total 24576K, used 2532K [0x0000021eb4980000, 0x0000021eb6500000, 0x000002295f400000)
  eden space 22016K, 0% used [0x0000021eb4980000,0x0000021eb4980000,0x0000021eb5f00000)
  from space 2560K, 98% used [0x0000021eb5f80000,0x0000021eb61f9000,0x0000021eb6200000)
  to   space 3072K, 0% used [0x0000021eb6200000,0x0000021eb6200000,0x0000021eb6500000)
 ParOldGen       total 68608K, used 37051K [0x000002095f400000, 0x0000020963700000, 0x0000021eb4980000)
  object space 68608K, 54% used [0x000002095f400000,0x000002096182ecf8,0x0000020963700000)
 Metaspace       used 49358K, committed 50432K, reserved 1114112K
  class space    used 5403K, committed 5824K, reserved 1048576K
}

