# JRE version: OpenJDK Runtime Environment Temurin-21.0.12.1+1 (21.0.12.1+1) (build 21.0.12.1+1-LTS)
# Java VM: OpenJDK 64-Bit Server VM Temurin-21.0.12.1+1 (21.0.12.1+1-LTS, mixed mode, sharing, tiered, compressed oops, compressed class ptrs, parallel gc, windows-amd64)
GC Precious Log:
 CardTable entry size: 512
 CPUs: 4 total, 4 available
 Memory: 7886M
 Large Page Support: Disabled
 NUMA Support: Disabled
 Compressed Oops: Enabled (Zero based)
 Alignments: Space 512K, Generation 512K, Heap 2M
 Heap Min Capacity: 100M
 Heap Initial Capacity: 100M
 Heap Max Capacity: 16G
 Pre-touch: Disabled
 Parallel Workers: 4
Heap:
 PSYoungGen      total 20480K, used 10077K [0x00000006aab00000, 0x00000006ac180000, 0x0000000800000000)
  eden space 19968K, 47% used [0x00000006aab00000,0x00000006ab45c060,0x00000006abe80000)
  from space 512K, 96% used [0x00000006ac080000,0x00000006ac0fb5c0,0x00000006ac100000)
  to   space 1536K, 0% used [0x00000006abe80000,0x00000006abe80000,0x00000006ac000000)
 ParOldGen       total 68608K, used 58105K [0x0000000400000000, 0x0000000404300000, 0x00000006aab00000)
  object space 68608K, 84% used [0x0000000400000000,0x00000004038be598,0x0000000404300000)
 Metaspace       used 74821K, committed 76416K, reserved 1179648K
  class space    used 7850K, committed 8512K, reserved 1048576K
GC Heap History (20 events):
Event: 50.505 GC heap before
{Heap before GC invocations=42 (full 3):
 PSYoungGen      total 22528K, used 22049K [0x00000006aab00000, 0x00000006ac500000, 0x0000000800000000)
  eden space 19968K, 100% used [0x00000006aab00000,0x00000006abe80000,0x00000006abe80000)
  from space 2560K, 81% used [0x00000006ac280000,0x00000006ac488758,0x00000006ac500000)
  to   space 3072K, 0% used [0x00000006abf00000,0x00000006abf00000,0x00000006ac200000)
 ParOldGen       total 68608K, used 51447K [0x0000000400000000, 0x0000000404300000, 0x00000006aab00000)
  object space 68608K, 74% used [0x0000000400000000,0x000000040323dc98,0x0000000404300000)
 Metaspace       used 68237K, committed 69696K, reserved 1114112K
  class space    used 7156K, committed 7744K, reserved 1048576K
}
Event: 50.509 GC heap after
{Heap after GC invocations=42 (full 3):
 PSYoungGen      total 20992K, used 895K [0x00000006aab00000, 0x00000006ac300000, 0x0000000800000000)
  eden space 19968K, 0% used [0x00000006aab00000,0x00000006aab00000,0x00000006abe80000)
  from space 1024K, 87% used [0x00000006abf00000,0x00000006abfdfc18,0x00000006ac000000)
  to   space 1536K, 0% used [0x00000006ac180000,0x00000006ac180000,0x00000006ac300000)
 ParOldGen       total 68608K, used 52597K [0x0000000400000000, 0x0000000404300000, 0x00000006aab00000)
  object space 68608K, 76% used [0x0000000400000000,0x000000040335d580,0x0000000404300000)
 Metaspace       used 68237K, committed 69696K, reserved 1114112K
  class space    used 7156K, committed 7744K, reserved 1048576K
}
Event: 418.156 GC heap before
{Heap before GC invocations=43 (full 3):
 PSYoungGen      total 20992K, used 20863K [0x00000006aab00000, 0x00000006ac300000, 0x0000000800000000)
  eden space 19968K, 100% used [0x00000006aab00000,0x00000006abe80000,0x00000006abe80000)
  from space 1024K, 87% used [0x00000006abf00000,0x00000006abfdfc18,0x00000006ac000000)
  to   space 1536K, 0% used [0x00000006ac180000,0x00000006ac180000,0x00000006ac300000)
 ParOldGen       total 68608K, used 52597K [0x0000000400000000, 0x0000000404300000, 0x00000006aab00000)
  object space 68608K, 76% used [0x0000000400000000,0x000000040335d580,0x0000000404300000)
 Metaspace       used 68811K, committed 70208K, reserved 1114112K
  class space    used 7204K, committed 7808K, reserved 1048576K
}
Event: 418.182 GC heap after
{Heap after GC invocations=43 (full 3):
 PSYoungGen      total 20480K, used 192K [0x00000006aab00000, 0x00000006ac200000, 0x0000000800000000)
  eden space 19968K, 0% used [0x00000006aab00000,0x00000006aab00000,0x00000006abe80000)
  from space 512K, 37% used [0x00000006ac180000,0x00000006ac1b0000,0x00000006ac200000)
  to   space 1024K, 0% used [0x00000006ac000000,0x00000006ac000000,0x00000006ac100000)
 ParOldGen       total 68608K, used 53361K [0x0000000400000000, 0x0000000404300000, 0x00000006aab00000)
  object space 68608K, 77% used [0x0000000400000000,0x000000040341c560,0x0000000404300000)
 Metaspace       used 68811K, committed 70208K, reserved 1114112K
  class space    used 7204K, committed 7808K, reserved 1048576K
}
Event: 595.585 GC heap before
{Heap before GC invocations=44 (full 3):
 PSYoungGen      total 20480K, used 20160K [0x00000006aab00000, 0x00000006ac200000, 0x0000000800000000)
  eden space 19968K, 100% used [0x00000006aab00000,0x00000006abe80000,0x00000006abe80000)
  from space 512K, 37% used [0x00000006ac180000,0x00000006ac1b0000,0x00000006ac200000)
  to   space 1024K, 0% used [0x00000006ac000000,0x00000006ac000000,0x00000006ac100000)
 ParOldGen       total 68608K, used 53361K [0x0000000400000000, 0x0000000404300000, 0x00000006aab00000)
  object space 68608K, 77% used [0x0000000400000000,0x000000040341c560,0x0000000404300000)
 Metaspace       used 69203K, committed 70592K, reserved 1114112K
  class space    used 7214K, committed 7808K, reserved 1048576K
}
Event: 595.590 GC heap after
{Heap after GC invocations=44 (full 3):
 PSYoungGen      total 20992K, used 784K [0x00000006aab00000, 0x00000006ac200000, 0x0000000800000000)
  eden space 19968K, 0% used [0x00000006aab00000,0x00000006aab00000,0x00000006abe80000)
  from space 1024K, 76% used [0x00000006ac000000,0x00000006ac0c4070,0x00000006ac100000)
  to   space 1024K, 0% used [0x00000006ac100000,0x00000006ac100000,0x00000006ac200000)
 ParOldGen       total 68608K, used 53457K [0x0000000400000000, 0x0000000404300000, 0x00000006aab00000)
  object space 68608K, 77% used [0x0000000400000000,0x0000000403434560,0x0000000404300000)
 Metaspace       used 69203K, committed 70592K, reserved 1114112K
  class space    used 7214K, committed 7808K, reserved 1048576K
}
Event: 607.933 GC heap before
{Heap before GC invocations=45 (full 3):
 PSYoungGen      total 20992K, used 20752K [0x00000006aab00000, 0x00000006ac200000, 0x0000000800000000)
  eden space 19968K, 100% used [0x00000006aab00000,0x00000006abe80000,0x00000006abe80000)
  from space 1024K, 76% used [0x00000006ac000000,0x00000006ac0c4070,0x00000006ac100000)
  to   space 1024K, 0% used [0x00000006ac100000,0x00000006ac100000,0x00000006ac200000)
 ParOldGen       total 68608K, used 53457K [0x0000000400000000, 0x0000000404300000, 0x00000006aab00000)
  object space 68608K, 77% used [0x0000000400000000,0x0000000403434560,0x0000000404300000)
 Metaspace       used 69991K, committed 71488K, reserved 1114112K
  class space    used 7334K, committed 7936K, reserved 1048576K
}
Event: 607.937 GC heap after
{Heap after GC invocations=45 (full 3):
 PSYoungGen      total 20480K, used 352K [0x00000006aab00000, 0x00000006ac180000, 0x0000000800000000)
  eden space 19968K, 0% used [0x00000006aab00000,0x00000006aab00000,0x00000006abe80000)
  from space 512K, 68% used [0x00000006ac100000,0x00000006ac158000,0x00000006ac180000)
  to   space 512K, 0% used [0x00000006ac080000,0x00000006ac080000,0x00000006ac100000)
 ParOldGen       total 68608K, used 54128K [0x0000000400000000, 0x0000000404300000, 0x00000006aab00000)
  object space 68608K, 78% used [0x0000000400000000,0x00000004034dc010,0x0000000404300000)
 Metaspace       used 69991K, committed 71488K, reserved 1114112K
  class space    used 7334K, committed 7936K, reserved 1048576K
}
Event: 987.587 GC heap before
{Heap before GC invocations=46 (full 3):
 PSYoungGen      total 20480K, used 20167K [0x00000006aab00000, 0x00000006ac180000, 0x0000000800000000)
  eden space 19968K, 99% used [0x00000006aab00000,0x00000006abe59d00,0x00000006abe80000)
  from space 512K, 68% used [0x00000006ac100000,0x00000006ac158000,0x00000006ac180000)
  to   space 512K, 0% used [0x00000006ac080000,0x00000006ac080000,0x00000006ac100000)
 ParOldGen       total 68608K, used 54128K [0x0000000400000000, 0x0000000404300000, 0x00000006aab00000)
  object space 68608K, 78% used [0x0000000400000000,0x00000004034dc010,0x0000000404300000)
 Metaspace       used 70786K, committed 72192K, reserved 1114112K
  class space    used 7392K, committed 8000K, reserved 1048576K
}
Event: 987.592 GC heap after
{Heap after GC invocations=46 (full 3):
 PSYoungGen      total 20480K, used 480K [0x00000006aab00000, 0x00000006ac180000, 0x0000000800000000)
  eden space 19968K, 0% used [0x00000006aab00000,0x00000006aab00000,0x00000006abe80000)
  from space 512K, 93% used [0x00000006ac080000,0x00000006ac0f8020,0x00000006ac100000)
  to   space 512K, 0% used [0x00000006ac100000,0x00000006ac100000,0x00000006ac180000)
 ParOldGen       total 68608K, used 54326K [0x0000000400000000, 0x0000000404300000, 0x00000006aab00000)
  object space 68608K, 79% used [0x0000000400000000,0x000000040350d918,0x0000000404300000)
 Metaspace       used 70786K, committed 72192K, reserved 1114112K
  class space    used 7392K, committed 8000K, reserved 1048576K
}
Event: 988.025 GC heap before
{Heap before GC invocations=47 (full 3):
 PSYoungGen      total 20480K, used 20448K [0x00000006aab00000, 0x00000006ac180000, 0x0000000800000000)
  eden space 19968K, 100% used [0x00000006aab00000,0x00000006abe80000,0x00000006abe80000)
  from space 512K, 93% used [0x00000006ac080000,0x00000006ac0f8020,0x00000006ac100000)
  to   space 512K, 0% used [0x00000006ac100000,0x00000006ac100000,0x00000006ac180000)
 ParOldGen       total 68608K, used 54326K [0x0000000400000000, 0x0000000404300000, 0x00000006aab00000)
  object space 68608K, 79% used [0x0000000400000000,0x000000040350d918,0x0000000404300000)
 Metaspace       used 71171K, committed 72640K, reserved 1114112K
  class space    used 7426K, committed 8064K, reserved 1048576K
}
Event: 988.028 GC heap after
{Heap after GC invocations=47 (full 3):
 PSYoungGen      total 20480K, used 490K [0x00000006aab00000, 0x00000006ac180000, 0x0000000800000000)
  eden space 19968K, 0% used [0x00000006aab00000,0x00000006aab00000,0x00000006abe80000)
  from space 512K, 95% used [0x00000006ac100000,0x00000006ac17aa08,0x00000006ac180000)
  to   space 1024K, 0% used [0x00000006abf80000,0x00000006abf80000,0x00000006ac080000)
 ParOldGen       total 68608K, used 54782K [0x0000000400000000, 0x0000000404300000, 0x00000006aab00000)
  object space 68608K, 79% used [0x0000000400000000,0x000000040357f948,0x0000000404300000)
 Metaspace       used 71171K, committed 72640K, reserved 1114112K
  class space    used 7426K, committed 8064K, reserved 1048576K
}
Event: 989.894 GC heap before
{Heap before GC invocations=48 (full 3):
 PSYoungGen      total 20480K, used 20458K [0x00000006aab00000, 0x00000006ac180000, 0x0000000800000000)
  eden space 19968K, 100% used [0x00000006aab00000,0x00000006abe80000,0x00000006abe80000)
  from space 512K, 95% used [0x00000006ac100000,0x00000006ac17aa08,0x00000006ac180000)
  to   space 1024K, 0% used [0x00000006abf80000,0x00000006abf80000,0x00000006ac080000)
 ParOldGen       total 68608K, used 54782K [0x0000000400000000, 0x0000000404300000, 0x00000006aab00000)
  object space 68608K, 79% used [0x0000000400000000,0x000000040357f948,0x0000000404300000)
 Metaspace       used 73958K, committed 75520K, reserved 1179648K
  class space    used 7803K, committed 8448K, reserved 1048576K
}
Event: 989.897 GC heap after
{Heap after GC invocations=48 (full 3):
 PSYoungGen      total 20992K, used 1018K [0x00000006aab00000, 0x00000006ac280000, 0x0000000800000000)
  eden space 19968K, 0% used [0x00000006aab00000,0x00000006aab00000,0x00000006abe80000)
  from space 1024K, 99% used [0x00000006abf80000,0x00000006ac07ead8,0x00000006ac080000)
  to   space 2048K, 0% used [0x00000006ac080000,0x00000006ac080000,0x00000006ac280000)
 ParOldGen       total 68608K, used 55459K [0x0000000400000000, 0x0000000404300000, 0x00000006aab00000)
  object space 68608K, 80% used [0x0000000400000000,0x0000000403628cd8,0x0000000404300000)
 Metaspace       used 73958K, committed 75520K, reserved 1179648K
  class space    used 7803K, committed 8448K, reserved 1048576K
}
Event: 995.708 GC heap before
{Heap before GC invocations=49 (full 3):
 PSYoungGen      total 20992K, used 20982K [0x00000006aab00000, 0x00000006ac280000, 0x0000000800000000)
  eden space 19968K, 99% used [0x00000006aab00000,0x00000006abe7ef40,0x00000006abe80000)
  from space 1024K, 99% used [0x00000006abf80000,0x00000006ac07ead8,0x00000006ac080000)
  to   space 2048K, 0% used [0x00000006ac080000,0x00000006ac080000,0x00000006ac280000)
 ParOldGen       total 68608K, used 55459K [0x0000000400000000, 0x0000000404300000, 0x00000006aab00000)
  object space 68608K, 80% used [0x0000000400000000,0x0000000403628cd8,0x0000000404300000)
 Metaspace       used 74333K, committed 75968K, reserved 1179648K
  class space    used 7842K, committed 8512K, reserved 1048576K
}
Event: 995.711 GC heap after
{Heap after GC invocations=49 (full 3):
 PSYoungGen      total 20992K, used 928K [0x00000006aab00000, 0x00000006ac180000, 0x0000000800000000)
  eden space 19968K, 0% used [0x00000006aab00000,0x00000006aab00000,0x00000006abe80000)
  from space 1024K, 90% used [0x00000006ac080000,0x00000006ac168060,0x00000006ac180000)
  to   space 1536K, 0% used [0x00000006abe80000,0x00000006abe80000,0x00000006ac000000)
 ParOldGen       total 68608K, used 56453K [0x0000000400000000, 0x0000000404300000, 0x00000006aab00000)
  object space 68608K, 82% used [0x0000000400000000,0x0000000403721768,0x0000000404300000)
 Metaspace       used 74333K, committed 75968K, reserved 1179648K
  class space    used 7842K, committed 8512K, reserved 1048576K
}
Event: 1045.546 GC heap before
{Heap before GC invocations=50 (full 3):
 PSYoungGen      total 20992K, used 20896K [0x00000006aab00000, 0x00000006ac180000, 0x0000000800000000)
  eden space 19968K, 100% used [0x00000006aab00000,0x00000006abe80000,0x00000006abe80000)
  from space 1024K, 90% used [0x00000006ac080000,0x00000006ac168060,0x00000006ac180000)
  to   space 1536K, 0% used [0x00000006abe80000,0x00000006abe80000,0x00000006ac000000)
 ParOldGen       total 68608K, used 56453K [0x0000000400000000, 0x0000000404300000, 0x00000006aab00000)
  object space 68608K, 82% used [0x0000000400000000,0x0000000403721768,0x0000000404300000)
 Metaspace       used 74499K, committed 76096K, reserved 1179648K
  class space    used 7844K, committed 8512K, reserved 1048576K
}
Event: 1045.629 GC heap after
{Heap after GC invocations=50 (full 3):
 PSYoungGen      total 21504K, used 160K [0x00000006aab00000, 0x00000006ac100000, 0x0000000800000000)
  eden space 19968K, 0% used [0x00000006aab00000,0x00000006aab00000,0x00000006abe80000)
  from space 1536K, 10% used [0x00000006abe80000,0x00000006abea8000,0x00000006ac000000)
  to   space 512K, 0% used [0x00000006ac080000,0x00000006ac080000,0x00000006ac100000)
 ParOldGen       total 68608K, used 57283K [0x0000000400000000, 0x0000000404300000, 0x00000006aab00000)
  object space 68608K, 83% used [0x0000000400000000,0x00000004037f0c58,0x0000000404300000)
 Metaspace       used 74499K, committed 76096K, reserved 1179648K
  class space    used 7844K, committed 8512K, reserved 1048576K
}
Event: 1183.845 GC heap before
{Heap before GC invocations=51 (full 3):
 PSYoungGen      total 21504K, used 20128K [0x00000006aab00000, 0x00000006ac100000, 0x0000000800000000)
  eden space 19968K, 100% used [0x00000006aab00000,0x00000006abe80000,0x00000006abe80000)
  from space 1536K, 10% used [0x00000006abe80000,0x00000006abea8000,0x00000006ac000000)
  to   space 512K, 0% used [0x00000006ac080000,0x00000006ac080000,0x00000006ac100000)
 ParOldGen       total 68608K, used 57283K [0x0000000400000000, 0x0000000404300000, 0x00000006aab00000)
  object space 68608K, 83% used [0x0000000400000000,0x00000004037f0c58,0x0000000404300000)
 Metaspace       used 74700K, committed 76352K, reserved 1179648K
  class space    used 7850K, committed 8512K, reserved 1048576K
}
Event: 1183.855 GC heap after
{Heap after GC invocations=51 (full 3):
 PSYoungGen      total 20480K, used 493K [0x00000006aab00000, 0x00000006ac180000, 0x0000000800000000)
  eden space 19968K, 0% used [0x00000006aab00000,0x00000006aab00000,0x00000006abe80000)
  from space 512K, 96% used [0x00000006ac080000,0x00000006ac0fb5c0,0x00000006ac100000)
  to   space 1536K, 0% used [0x00000006abe80000,0x00000006abe80000,0x00000006ac000000)
 ParOldGen       total 68608K, used 58105K [0x0000000400000000, 0x0000000404300000, 0x00000006aab00000)
  object space 68608K, 84% used [0x0000000400000000,0x00000004038be598,0x0000000404300000)
 Metaspace       used 74700K, committed 76352K, reserved 1179648K
  class space    used 7850K, committed 8512K, reserved 1048576K
}

